Command line:
   bcd_xs3_isim_beh.exe
     -simmode  gui
     -simrunnum  0
     -socket  49419

Sun Dec 19 15:07:06 2021


 Elaboration Time: 0.046875 sec

 Current Memory Usage: 5149.64 Meg

 Total Signals          : 21
 Total Nets             : 21
 Total Signal Drivers   : 9
 Total Blocks           : 2
 Total Primitive Blocks : 2
 Total Processes        : 10
 Total Traceable Variables  : 18
 Total Scalar Nets and Variables : 101
Total Line Count : 18

 Total Simulation Time: 0.40625 sec

 Current Memory Usage: 4677.78 Meg

Sun Dec 19 15:09:44 2021

